  [1m[35m (1.3ms)[0m  [1m[35mCREATE TABLE "schema_migrations" ("version" varchar NOT NULL PRIMARY KEY)[0m
  [1m[35m (1.1ms)[0m  [1m[35mCREATE TABLE "ar_internal_metadata" ("key" varchar NOT NULL PRIMARY KEY, "value" varchar, "created_at" datetime NOT NULL, "updated_at" datetime NOT NULL)[0m
  [1m[36mActiveRecord::SchemaMigration Load (0.1ms)[0m  [1m[34mSELECT "schema_migrations".* FROM "schema_migrations"[0m
Migrating to CreateSurveys (20170220203236)
  [1m[35m (0.1ms)[0m  [1m[36mbegin transaction[0m
  [1m[35m (0.9ms)[0m  [1m[35mCREATE TABLE "surveys" ("id" INTEGER PRIMARY KEY AUTOINCREMENT NOT NULL, "name" varchar, "description" text, "created_at" datetime NOT NULL, "updated_at" datetime NOT NULL)[0m
  [1m[35mSQL (0.2ms)[0m  [1m[32mINSERT INTO "schema_migrations" ("version") VALUES (?)[0m  [["version", "20170220203236"]]
  [1m[35m (0.7ms)[0m  [1m[36mcommit transaction[0m
  [1m[36mActiveRecord::InternalMetadata Load (0.1ms)[0m  [1m[34mSELECT  "ar_internal_metadata".* FROM "ar_internal_metadata" WHERE "ar_internal_metadata"."key" = ? LIMIT ?[0m  [["key", :environment], ["LIMIT", 1]]
  [1m[35m (0.0ms)[0m  [1m[36mbegin transaction[0m
  [1m[35mSQL (0.3ms)[0m  [1m[32mINSERT INTO "ar_internal_metadata" ("key", "value", "created_at", "updated_at") VALUES (?, ?, ?, ?)[0m  [["key", "environment"], ["value", "development"], ["created_at", 2017-02-20 20:32:47 UTC], ["updated_at", 2017-02-20 20:32:47 UTC]]
  [1m[35m (0.6ms)[0m  [1m[36mcommit transaction[0m
  [1m[36mActiveRecord::SchemaMigration Load (0.1ms)[0m  [1m[34mSELECT "schema_migrations".* FROM "schema_migrations"[0m
Started GET "/" for ::1 at 2017-02-21 05:34:11 +0900
  [1m[36mActiveRecord::SchemaMigration Load (0.5ms)[0m  [1m[34mSELECT "schema_migrations".* FROM "schema_migrations"[0m
Processing by Rails::WelcomeController#index as HTML
  Parameters: {"internal"=>true}
  Rendering /Users/blueplanet/.rbenv/versions/2.4.0/lib/ruby/gems/2.4.0/gems/railties-5.0.1/lib/rails/templates/rails/welcome/index.html.erb
  Rendered /Users/blueplanet/.rbenv/versions/2.4.0/lib/ruby/gems/2.4.0/gems/railties-5.0.1/lib/rails/templates/rails/welcome/index.html.erb (3.5ms)
Completed 200 OK in 27ms (Views: 9.5ms | ActiveRecord: 0.0ms)


Started GET "/" for ::1 at 2017-02-21 05:34:48 +0900
Processing by SurveysController#index as HTML
  Rendering surveys/index.html.erb within layouts/application
  [1m[36mSurvey Load (0.5ms)[0m  [1m[34mSELECT "surveys".* FROM "surveys"[0m
  Rendered surveys/index.html.erb within layouts/application (7.5ms)
Completed 200 OK in 886ms (Views: 880.3ms | ActiveRecord: 0.7ms)


Started GET "/surveys/new" for ::1 at 2017-02-21 05:35:05 +0900
Processing by SurveysController#new as HTML
  Rendering surveys/new.html.erb within layouts/application
  Rendered surveys/_form.html.erb (47.8ms)
  Rendered surveys/new.html.erb within layouts/application (52.2ms)
Completed 200 OK in 95ms (Views: 83.8ms | ActiveRecord: 0.5ms)


Started POST "/surveys" for ::1 at 2017-02-21 05:35:16 +0900
Processing by SurveysController#create as HTML
  Parameters: {"utf8"=>"✓", "authenticity_token"=>"/DB1N5FWeTXFztJpqIfhdqTb6g4iUdeWzp56JQUs49tR8VGcbjv2yvuuKCQpLhZUng1Tg0oq9K0lG5gk6EZz0g==", "survey"=>{"name"=>"s1", "description"=>"s1 test"}, "commit"=>"Create Survey"}
  [1m[35m (0.1ms)[0m  [1m[36mbegin transaction[0m
  [1m[35mSQL (1.8ms)[0m  [1m[32mINSERT INTO "surveys" ("name", "description", "created_at", "updated_at") VALUES (?, ?, ?, ?)[0m  [["name", "s1"], ["description", "s1 test"], ["created_at", 2017-02-20 20:35:16 UTC], ["updated_at", 2017-02-20 20:35:16 UTC]]
  [1m[35m (1.1ms)[0m  [1m[36mcommit transaction[0m
Redirected to http://localhost:3000/surveys/1
Completed 302 Found in 15ms (ActiveRecord: 3.0ms)


Started GET "/surveys/1" for ::1 at 2017-02-21 05:35:16 +0900
Processing by SurveysController#show as HTML
  Parameters: {"id"=>"1"}
  [1m[36mSurvey Load (0.3ms)[0m  [1m[34mSELECT  "surveys".* FROM "surveys" WHERE "surveys"."id" = ? LIMIT ?[0m  [["id", 1], ["LIMIT", 1]]
  Rendering surveys/show.html.erb within layouts/application
  Rendered surveys/show.html.erb within layouts/application (0.9ms)
Completed 200 OK in 47ms (Views: 37.3ms | ActiveRecord: 0.3ms)


Started GET "/surveys" for ::1 at 2017-02-21 05:35:19 +0900
Processing by SurveysController#index as HTML
  Rendering surveys/index.html.erb within layouts/application
  [1m[36mSurvey Load (0.2ms)[0m  [1m[34mSELECT "surveys".* FROM "surveys"[0m
  Rendered surveys/index.html.erb within layouts/application (2.8ms)
Completed 200 OK in 77ms (Views: 41.1ms | ActiveRecord: 0.2ms)


Started GET "/surveys/1" for ::1 at 2017-02-21 05:35:34 +0900
Processing by SurveysController#show as HTML
  Parameters: {"id"=>"1"}
  [1m[36mSurvey Load (0.1ms)[0m  [1m[34mSELECT  "surveys".* FROM "surveys" WHERE "surveys"."id" = ? LIMIT ?[0m  [["id", 1], ["LIMIT", 1]]
  Rendering surveys/show.html.erb within layouts/application
  Rendered surveys/show.html.erb within layouts/application (1.8ms)
Completed 200 OK in 127ms (Views: 122.5ms | ActiveRecord: 0.1ms)


Started GET "/sites/1/forms/1" for ::1 at 2017-02-21 10:00:54 +0900
Started GET "/pt.html" for ::1 at 2017-02-21 10:00:54 +0900
  
  
ActionController::RoutingError (No route matches [GET] "/pt.html"):
ActionController::RoutingError (No route matches [GET] "/sites/1/forms/1"):
  
  
actionpack (5.0.1) lib/action_dispatch/middleware/debug_exceptions.rb:53:in `call'
web-console (3.4.0) lib/web_console/middleware.rb:135:in `call_app'
web-console (3.4.0) lib/web_console/middleware.rb:28:in `block in call'
web-console (3.4.0) lib/web_console/middleware.rb:18:in `catch'
web-console (3.4.0) lib/web_console/middleware.rb:18:in `call'
actionpack (5.0.1) lib/action_dispatch/middleware/show_exceptions.rb:31:in `call'
railties (5.0.1) lib/rails/rack/logger.rb:36:in `call_app'
railties (5.0.1) lib/rails/rack/logger.rb:24:in `block in call'
activesupport (5.0.1) lib/active_support/tagged_logging.rb:69:in `block in tagged'
activesupport (5.0.1) lib/active_support/tagged_logging.rb:26:in `tagged'
activesupport (5.0.1) lib/active_support/tagged_logging.rb:69:in `tagged'
railties (5.0.1) lib/rails/rack/logger.rb:24:in `call'
sprockets-rails (3.2.0) lib/sprockets/rails/quiet_assets.rb:13:in `call'
actionpack (5.0.1) lib/action_dispatch/middleware/request_id.rb:24:in `call'
rack (2.0.1) lib/rack/method_override.rb:22:in `call'
rack (2.0.1) lib/rack/runtime.rb:22:in `call'
activesupport (5.0.1) lib/active_support/cache/strategy/local_cache_middleware.rb:28:in `call'
actionpack (5.0.1) lib/action_dispatch/middleware/executor.rb:12:in `call'
actionpack (5.0.1) lib/action_dispatch/middleware/static.rb:136:in `call'
rack (2.0.1) lib/rack/sendfile.rb:111:in `call'
railties (5.0.1) lib/rails/engine.rb:522:in `call'
puma (3.7.1) lib/puma/configuration.rb:232:in `call'
puma (3.7.1) lib/puma/server.rb:578:in `handle_request'
puma (3.7.1) lib/puma/server.rb:415:in `process_client'
puma (3.7.1) lib/puma/server.rb:275:in `block in run'
puma (3.7.1) lib/puma/thread_pool.rb:120:in `block in spawn_thread'
actionpack (5.0.1) lib/action_dispatch/middleware/debug_exceptions.rb:53:in `call'
web-console (3.4.0) lib/web_console/middleware.rb:135:in `call_app'
web-console (3.4.0) lib/web_console/middleware.rb:28:in `block in call'
web-console (3.4.0) lib/web_console/middleware.rb:18:in `catch'
web-console (3.4.0) lib/web_console/middleware.rb:18:in `call'
actionpack (5.0.1) lib/action_dispatch/middleware/show_exceptions.rb:31:in `call'
railties (5.0.1) lib/rails/rack/logger.rb:36:in `call_app'
railties (5.0.1) lib/rails/rack/logger.rb:24:in `block in call'
activesupport (5.0.1) lib/active_support/tagged_logging.rb:69:in `block in tagged'
activesupport (5.0.1) lib/active_support/tagged_logging.rb:26:in `tagged'
activesupport (5.0.1) lib/active_support/tagged_logging.rb:69:in `tagged'
railties (5.0.1) lib/rails/rack/logger.rb:24:in `call'
sprockets-rails (3.2.0) lib/sprockets/rails/quiet_assets.rb:13:in `call'
actionpack (5.0.1) lib/action_dispatch/middleware/request_id.rb:24:in `call'
rack (2.0.1) lib/rack/method_override.rb:22:in `call'
rack (2.0.1) lib/rack/runtime.rb:22:in `call'
activesupport (5.0.1) lib/active_support/cache/strategy/local_cache_middleware.rb:28:in `call'
actionpack (5.0.1) lib/action_dispatch/middleware/executor.rb:12:in `call'
actionpack (5.0.1) lib/action_dispatch/middleware/static.rb:136:in `call'
rack (2.0.1) lib/rack/sendfile.rb:111:in `call'
railties (5.0.1) lib/rails/engine.rb:522:in `call'
puma (3.7.1) lib/puma/configuration.rb:232:in `call'
puma (3.7.1) lib/puma/server.rb:578:in `handle_request'
puma (3.7.1) lib/puma/server.rb:415:in `process_client'
puma (3.7.1) lib/puma/server.rb:275:in `block in run'
puma (3.7.1) lib/puma/thread_pool.rb:120:in `block in spawn_thread'
  Rendering /Users/blueplanet/.rbenv/versions/2.4.0/lib/ruby/gems/2.4.0/gems/actionpack-5.0.1/lib/action_dispatch/middleware/templates/rescues/routing_error.html.erb within rescues/layout
  Rendering /Users/blueplanet/.rbenv/versions/2.4.0/lib/ruby/gems/2.4.0/gems/actionpack-5.0.1/lib/action_dispatch/middleware/templates/rescues/routing_error.html.erb within rescues/layout
  Rendering /Users/blueplanet/.rbenv/versions/2.4.0/lib/ruby/gems/2.4.0/gems/actionpack-5.0.1/lib/action_dispatch/middleware/templates/rescues/_trace.html.erb
  Rendered /Users/blueplanet/.rbenv/versions/2.4.0/lib/ruby/gems/2.4.0/gems/actionpack-5.0.1/lib/action_dispatch/middleware/templates/rescues/_trace.html.erb (2.6ms)
  Rendering /Users/blueplanet/.rbenv/versions/2.4.0/lib/ruby/gems/2.4.0/gems/actionpack-5.0.1/lib/action_dispatch/middleware/templates/rescues/_trace.html.erb
  Rendered /Users/blueplanet/.rbenv/versions/2.4.0/lib/ruby/gems/2.4.0/gems/actionpack-5.0.1/lib/action_dispatch/middleware/templates/rescues/_trace.html.erb (3.5ms)
  Rendered collection of /Users/blueplanet/.rbenv/versions/2.4.0/lib/ruby/gems/2.4.0/gems/actionpack-5.0.1/lib/action_dispatch/middleware/templates/routes/_route.html.erb [9 times] (20.5ms)
  Rendered collection of /Users/blueplanet/.rbenv/versions/2.4.0/lib/ruby/gems/2.4.0/gems/actionpack-5.0.1/lib/action_dispatch/middleware/templates/routes/_route.html.erb [9 times] (9.3ms)
  Rendered /Users/blueplanet/.rbenv/versions/2.4.0/lib/ruby/gems/2.4.0/gems/actionpack-5.0.1/lib/action_dispatch/middleware/templates/routes/_table.html.erb (36.1ms)
  Rendered /Users/blueplanet/.rbenv/versions/2.4.0/lib/ruby/gems/2.4.0/gems/actionpack-5.0.1/lib/action_dispatch/middleware/templates/routes/_table.html.erb (196.7ms)
  Rendering /Users/blueplanet/.rbenv/versions/2.4.0/lib/ruby/gems/2.4.0/gems/actionpack-5.0.1/lib/action_dispatch/middleware/templates/rescues/_request_and_response.html.erb
  Rendered /Users/blueplanet/.rbenv/versions/2.4.0/lib/ruby/gems/2.4.0/gems/actionpack-5.0.1/lib/action_dispatch/middleware/templates/rescues/_request_and_response.html.erb (5.1ms)
  Rendered /Users/blueplanet/.rbenv/versions/2.4.0/lib/ruby/gems/2.4.0/gems/actionpack-5.0.1/lib/action_dispatch/middleware/templates/rescues/routing_error.html.erb within rescues/layout (1071.4ms)
  Rendering /Users/blueplanet/.rbenv/versions/2.4.0/lib/ruby/gems/2.4.0/gems/actionpack-5.0.1/lib/action_dispatch/middleware/templates/rescues/_request_and_response.html.erb
  Rendered /Users/blueplanet/.rbenv/versions/2.4.0/lib/ruby/gems/2.4.0/gems/actionpack-5.0.1/lib/action_dispatch/middleware/templates/rescues/_request_and_response.html.erb (76.4ms)
  Rendered /Users/blueplanet/.rbenv/versions/2.4.0/lib/ruby/gems/2.4.0/gems/actionpack-5.0.1/lib/action_dispatch/middleware/templates/rescues/routing_error.html.erb within rescues/layout (1443.5ms)
Started GET "/pt.html" for ::1 at 2017-02-22 10:01:32 +0900
  [1m[36mActiveRecord::SchemaMigration Load (0.6ms)[0m  [1m[34mSELECT "schema_migrations".* FROM "schema_migrations"[0m
  
ActionController::RoutingError (No route matches [GET] "/pt.html"):
  
actionpack (5.0.1) lib/action_dispatch/middleware/debug_exceptions.rb:53:in `call'
web-console (3.4.0) lib/web_console/middleware.rb:135:in `call_app'
web-console (3.4.0) lib/web_console/middleware.rb:28:in `block in call'
web-console (3.4.0) lib/web_console/middleware.rb:18:in `catch'
web-console (3.4.0) lib/web_console/middleware.rb:18:in `call'
actionpack (5.0.1) lib/action_dispatch/middleware/show_exceptions.rb:31:in `call'
railties (5.0.1) lib/rails/rack/logger.rb:36:in `call_app'
railties (5.0.1) lib/rails/rack/logger.rb:24:in `block in call'
activesupport (5.0.1) lib/active_support/tagged_logging.rb:69:in `block in tagged'
activesupport (5.0.1) lib/active_support/tagged_logging.rb:26:in `tagged'
activesupport (5.0.1) lib/active_support/tagged_logging.rb:69:in `tagged'
railties (5.0.1) lib/rails/rack/logger.rb:24:in `call'
sprockets-rails (3.2.0) lib/sprockets/rails/quiet_assets.rb:13:in `call'
actionpack (5.0.1) lib/action_dispatch/middleware/request_id.rb:24:in `call'
rack (2.0.1) lib/rack/method_override.rb:22:in `call'
rack (2.0.1) lib/rack/runtime.rb:22:in `call'
activesupport (5.0.1) lib/active_support/cache/strategy/local_cache_middleware.rb:28:in `call'
actionpack (5.0.1) lib/action_dispatch/middleware/executor.rb:12:in `call'
actionpack (5.0.1) lib/action_dispatch/middleware/static.rb:136:in `call'
rack (2.0.1) lib/rack/sendfile.rb:111:in `call'
railties (5.0.1) lib/rails/engine.rb:522:in `call'
puma (3.7.1) lib/puma/configuration.rb:232:in `call'
puma (3.7.1) lib/puma/server.rb:578:in `handle_request'
puma (3.7.1) lib/puma/server.rb:415:in `process_client'
puma (3.7.1) lib/puma/server.rb:275:in `block in run'
puma (3.7.1) lib/puma/thread_pool.rb:120:in `block in spawn_thread'
  Rendering /Users/blueplanet/.rbenv/versions/2.4.0/lib/ruby/gems/2.4.0/gems/actionpack-5.0.1/lib/action_dispatch/middleware/templates/rescues/routing_error.html.erb within rescues/layout
  Rendering /Users/blueplanet/.rbenv/versions/2.4.0/lib/ruby/gems/2.4.0/gems/actionpack-5.0.1/lib/action_dispatch/middleware/templates/rescues/_trace.html.erb
  Rendered /Users/blueplanet/.rbenv/versions/2.4.0/lib/ruby/gems/2.4.0/gems/actionpack-5.0.1/lib/action_dispatch/middleware/templates/rescues/_trace.html.erb (1.8ms)
  Rendered collection of /Users/blueplanet/.rbenv/versions/2.4.0/lib/ruby/gems/2.4.0/gems/actionpack-5.0.1/lib/action_dispatch/middleware/templates/routes/_route.html.erb [9 times] (314.5ms)
  Rendered /Users/blueplanet/.rbenv/versions/2.4.0/lib/ruby/gems/2.4.0/gems/actionpack-5.0.1/lib/action_dispatch/middleware/templates/routes/_table.html.erb (43.1ms)
  Rendering /Users/blueplanet/.rbenv/versions/2.4.0/lib/ruby/gems/2.4.0/gems/actionpack-5.0.1/lib/action_dispatch/middleware/templates/rescues/_request_and_response.html.erb
  Rendered /Users/blueplanet/.rbenv/versions/2.4.0/lib/ruby/gems/2.4.0/gems/actionpack-5.0.1/lib/action_dispatch/middleware/templates/rescues/_request_and_response.html.erb (22.2ms)
  Rendered /Users/blueplanet/.rbenv/versions/2.4.0/lib/ruby/gems/2.4.0/gems/actionpack-5.0.1/lib/action_dispatch/middleware/templates/rescues/routing_error.html.erb within rescues/layout (1294.9ms)
Started GET "/" for ::1 at 2017-02-23 07:18:51 +0900
  [1m[36mActiveRecord::SchemaMigration Load (0.4ms)[0m  [1m[34mSELECT "schema_migrations".* FROM "schema_migrations"[0m
Processing by SurveysController#index as HTML
  Rendering surveys/index.html.erb within layouts/application
  [1m[36mSurvey Load (0.4ms)[0m  [1m[34mSELECT "surveys".* FROM "surveys"[0m
  Rendered surveys/index.html.erb within layouts/application (13.5ms)
Completed 500 Internal Server Error in 226ms (ActiveRecord: 0.9ms)


  
ActionView::Template::Error (couldn't find file 'vue' with type 'application/javascript'
Checked in these paths: 
  /Users/blueplanet/study/vue_tutorial/vue_answers/app/assets/config
  /Users/blueplanet/study/vue_tutorial/vue_answers/app/assets/images
  /Users/blueplanet/study/vue_tutorial/vue_answers/app/assets/javascripts
  /Users/blueplanet/study/vue_tutorial/vue_answers/app/assets/stylesheets
  /Users/blueplanet/study/vue_tutorial/vue_answers/vendor/assets/javascripts
  /Users/blueplanet/study/vue_tutorial/vue_answers/vendor/assets/stylesheets
  /Users/blueplanet/.rbenv/versions/2.4.0/lib/ruby/gems/2.4.0/gems/jquery-rails-4.2.2/vendor/assets/javascripts
  /Users/blueplanet/.rbenv/versions/2.4.0/lib/ruby/gems/2.4.0/gems/coffee-rails-4.2.1/lib/assets/javascripts
  /Users/blueplanet/.rbenv/versions/2.4.0/lib/ruby/gems/2.4.0/gems/actioncable-5.0.1/lib/assets/compiled
  /Users/blueplanet/.rbenv/versions/2.4.0/lib/ruby/gems/2.4.0/gems/turbolinks-source-5.0.0/lib/assets/javascripts):
    4:     <title>VueAnswers</title>
    5:     <%= csrf_meta_tags %>
    6: 
    7:     <%= stylesheet_link_tag    'application', media: 'all', 'data-turbolinks-track': 'reload' %>
    8:     <%= javascript_include_tag 'application', 'data-turbolinks-track': 'reload' %>
    9:   </head>
   10: 
  
app/assets/javascripts/application.js:16
app/views/layouts/application.html.erb:7:in `_app_views_layouts_application_html_erb___590703781140291937_70203490342520'
  Rendering /Users/blueplanet/.rbenv/versions/2.4.0/lib/ruby/gems/2.4.0/gems/actionpack-5.0.1/lib/action_dispatch/middleware/templates/rescues/template_error.html.erb within rescues/layout
  Rendering /Users/blueplanet/.rbenv/versions/2.4.0/lib/ruby/gems/2.4.0/gems/actionpack-5.0.1/lib/action_dispatch/middleware/templates/rescues/_source.html.erb
  Rendered /Users/blueplanet/.rbenv/versions/2.4.0/lib/ruby/gems/2.4.0/gems/actionpack-5.0.1/lib/action_dispatch/middleware/templates/rescues/_source.html.erb (9.0ms)
  Rendering /Users/blueplanet/.rbenv/versions/2.4.0/lib/ruby/gems/2.4.0/gems/actionpack-5.0.1/lib/action_dispatch/middleware/templates/rescues/_trace.html.erb
  Rendered /Users/blueplanet/.rbenv/versions/2.4.0/lib/ruby/gems/2.4.0/gems/actionpack-5.0.1/lib/action_dispatch/middleware/templates/rescues/_trace.html.erb (2.9ms)
  Rendering /Users/blueplanet/.rbenv/versions/2.4.0/lib/ruby/gems/2.4.0/gems/actionpack-5.0.1/lib/action_dispatch/middleware/templates/rescues/_request_and_response.html.erb
  Rendered /Users/blueplanet/.rbenv/versions/2.4.0/lib/ruby/gems/2.4.0/gems/actionpack-5.0.1/lib/action_dispatch/middleware/templates/rescues/_request_and_response.html.erb (1.0ms)
  Rendered /Users/blueplanet/.rbenv/versions/2.4.0/lib/ruby/gems/2.4.0/gems/actionpack-5.0.1/lib/action_dispatch/middleware/templates/rescues/template_error.html.erb within rescues/layout (89.3ms)
Started GET "/" for ::1 at 2017-02-23 07:19:08 +0900
  [1m[36mActiveRecord::SchemaMigration Load (0.4ms)[0m  [1m[34mSELECT "schema_migrations".* FROM "schema_migrations"[0m
Processing by SurveysController#index as HTML
  Rendering surveys/index.html.erb within layouts/application
  [1m[36mSurvey Load (0.4ms)[0m  [1m[34mSELECT "surveys".* FROM "surveys"[0m
  Rendered surveys/index.html.erb within layouts/application (16.0ms)
Completed 200 OK in 878ms (Views: 861.4ms | ActiveRecord: 0.9ms)


Started GET "/surveys/1" for ::1 at 2017-02-23 07:19:13 +0900
Processing by SurveysController#show as HTML
  Parameters: {"id"=>"1"}
  [1m[36mSurvey Load (0.3ms)[0m  [1m[34mSELECT  "surveys".* FROM "surveys" WHERE "surveys"."id" = ? LIMIT ?[0m  [["id", 1], ["LIMIT", 1]]
  Rendering surveys/show.html.erb within layouts/application
  Rendered surveys/show.html.erb within layouts/application (1.5ms)
Completed 200 OK in 105ms (Views: 93.0ms | ActiveRecord: 0.3ms)


Started GET "/surveys/1" for ::1 at 2017-02-23 07:20:21 +0900
Processing by SurveysController#show as HTML
  Parameters: {"id"=>"1"}
  [1m[36mSurvey Load (4.1ms)[0m  [1m[34mSELECT  "surveys".* FROM "surveys" WHERE "surveys"."id" = ? LIMIT ?[0m  [["id", 1], ["LIMIT", 1]]
  Rendering surveys/show.html.erb within layouts/application
  Rendered surveys/show.html.erb within layouts/application (1.4ms)
Completed 200 OK in 72ms (Views: 62.8ms | ActiveRecord: 4.1ms)


Started GET "/surveys/1" for ::1 at 2017-02-23 07:20:38 +0900
  [1m[36mActiveRecord::SchemaMigration Load (0.4ms)[0m  [1m[34mSELECT "schema_migrations".* FROM "schema_migrations"[0m
Processing by SurveysController#show as HTML
  Parameters: {"id"=>"1"}
  [1m[36mSurvey Load (0.2ms)[0m  [1m[34mSELECT  "surveys".* FROM "surveys" WHERE "surveys"."id" = ? LIMIT ?[0m  [["id", 1], ["LIMIT", 1]]
  Rendering surveys/show.html.erb within layouts/application
  Rendered surveys/show.html.erb within layouts/application (7.3ms)
Completed 200 OK in 261ms (Views: 228.7ms | ActiveRecord: 0.8ms)


Started GET "/surveys/1" for ::1 at 2017-02-23 07:21:21 +0900
Processing by SurveysController#show as HTML
  Parameters: {"id"=>"1"}
  [1m[36mSurvey Load (0.4ms)[0m  [1m[34mSELECT  "surveys".* FROM "surveys" WHERE "surveys"."id" = ? LIMIT ?[0m  [["id", 1], ["LIMIT", 1]]
  Rendering surveys/show.html.erb within layouts/application
  Rendered surveys/show.html.erb within layouts/application (1.1ms)
Completed 200 OK in 73ms (Views: 65.5ms | ActiveRecord: 0.4ms)


Started GET "/surveys/1" for ::1 at 2017-02-23 07:23:38 +0900
Processing by SurveysController#show as HTML
  Parameters: {"id"=>"1"}
  [1m[36mSurvey Load (0.2ms)[0m  [1m[34mSELECT  "surveys".* FROM "surveys" WHERE "surveys"."id" = ? LIMIT ?[0m  [["id", 1], ["LIMIT", 1]]
  Rendering surveys/show.html.erb within layouts/application
  Rendered surveys/show.html.erb within layouts/application (0.8ms)
Completed 200 OK in 517ms (Views: 512.9ms | ActiveRecord: 0.2ms)


Started GET "/surveys/1" for ::1 at 2017-02-23 07:24:18 +0900
Processing by SurveysController#show as HTML
  Parameters: {"id"=>"1"}
  [1m[36mSurvey Load (0.1ms)[0m  [1m[34mSELECT  "surveys".* FROM "surveys" WHERE "surveys"."id" = ? LIMIT ?[0m  [["id", 1], ["LIMIT", 1]]
  Rendering surveys/show.html.erb within layouts/application
  Rendered surveys/show.html.erb within layouts/application (1.4ms)
Completed 200 OK in 43ms (Views: 39.1ms | ActiveRecord: 0.1ms)


Started GET "/surveys/1" for ::1 at 2017-02-23 07:24:45 +0900
Processing by SurveysController#show as HTML
  Parameters: {"id"=>"1"}
  [1m[36mSurvey Load (0.2ms)[0m  [1m[34mSELECT  "surveys".* FROM "surveys" WHERE "surveys"."id" = ? LIMIT ?[0m  [["id", 1], ["LIMIT", 1]]
  Rendering surveys/show.html.erb within layouts/application
  Rendered surveys/show.html.erb within layouts/application (0.8ms)
Completed 200 OK in 292ms (Views: 288.7ms | ActiveRecord: 0.2ms)


Started GET "/surveys/1" for ::1 at 2017-02-23 07:25:18 +0900
Processing by SurveysController#show as HTML
  Parameters: {"id"=>"1"}
  [1m[36mSurvey Load (0.2ms)[0m  [1m[34mSELECT  "surveys".* FROM "surveys" WHERE "surveys"."id" = ? LIMIT ?[0m  [["id", 1], ["LIMIT", 1]]
  Rendering surveys/show.html.erb within layouts/application
  Rendered surveys/show.html.erb within layouts/application (0.8ms)
Completed 200 OK in 293ms (Views: 290.2ms | ActiveRecord: 0.2ms)


Started GET "/surveys/1" for ::1 at 2017-02-23 07:25:29 +0900
Processing by SurveysController#show as HTML
  Parameters: {"id"=>"1"}
  [1m[36mSurvey Load (0.2ms)[0m  [1m[34mSELECT  "surveys".* FROM "surveys" WHERE "surveys"."id" = ? LIMIT ?[0m  [["id", 1], ["LIMIT", 1]]
  Rendering surveys/show.html.erb within layouts/application
  Rendered surveys/show.html.erb within layouts/application (0.8ms)
Completed 200 OK in 29ms (Views: 23.6ms | ActiveRecord: 0.2ms)


Started GET "/surveys/1" for ::1 at 2017-02-23 07:26:34 +0900
Processing by SurveysController#show as HTML
  Parameters: {"id"=>"1"}
  [1m[36mSurvey Load (0.3ms)[0m  [1m[34mSELECT  "surveys".* FROM "surveys" WHERE "surveys"."id" = ? LIMIT ?[0m  [["id", 1], ["LIMIT", 1]]
  Rendering surveys/show.html.erb within layouts/application
  Rendered surveys/show.html.erb within layouts/application (0.8ms)
Completed 200 OK in 28ms (Views: 23.4ms | ActiveRecord: 0.3ms)


  [1m[36mActiveRecord::SchemaMigration Load (0.5ms)[0m  [1m[34mSELECT "schema_migrations".* FROM "schema_migrations"[0m
Migrating to CreateQuestions (20170223215606)
  [1m[35m (0.1ms)[0m  [1m[36mbegin transaction[0m
  [1m[35m (0.7ms)[0m  [1m[35mCREATE TABLE "questions" ("id" INTEGER PRIMARY KEY AUTOINCREMENT NOT NULL, "survey_id" integer, "caption" varchar, "type" varchar, "display_seq" integer, "created_at" datetime NOT NULL, "updated_at" datetime NOT NULL)[0m
  [1m[35m (0.5ms)[0m  [1m[34mselect sqlite_version(*)[0m
  [1m[35m (0.2ms)[0m  [1m[35mCREATE  INDEX "index_questions_on_survey_id" ON "questions" ("survey_id")[0m
  [1m[35mSQL (0.2ms)[0m  [1m[32mINSERT INTO "schema_migrations" ("version") VALUES (?)[0m  [["version", "20170223215606"]]
  [1m[35m (0.9ms)[0m  [1m[36mcommit transaction[0m
Migrating to CreateChoices (20170223215756)
  [1m[35m (0.0ms)[0m  [1m[36mbegin transaction[0m
  [1m[35m (0.5ms)[0m  [1m[35mCREATE TABLE "choices" ("id" INTEGER PRIMARY KEY AUTOINCREMENT NOT NULL, "question_id" integer, "caption" varchar, "value" varchar, "created_at" datetime NOT NULL, "updated_at" datetime NOT NULL)[0m
  [1m[35m (0.1ms)[0m  [1m[35mCREATE  INDEX "index_choices_on_question_id" ON "choices" ("question_id")[0m
  [1m[35mSQL (0.1ms)[0m  [1m[32mINSERT INTO "schema_migrations" ("version") VALUES (?)[0m  [["version", "20170223215756"]]
  [1m[35m (0.7ms)[0m  [1m[36mcommit transaction[0m
  [1m[36mActiveRecord::InternalMetadata Load (0.2ms)[0m  [1m[34mSELECT  "ar_internal_metadata".* FROM "ar_internal_metadata" WHERE "ar_internal_metadata"."key" = ? LIMIT ?[0m  [["key", :environment], ["LIMIT", 1]]
  [1m[35m (0.1ms)[0m  [1m[36mbegin transaction[0m
  [1m[35m (0.0ms)[0m  [1m[36mcommit transaction[0m
  [1m[36mActiveRecord::SchemaMigration Load (0.1ms)[0m  [1m[34mSELECT "schema_migrations".* FROM "schema_migrations"[0m
  [1m[35m (0.2ms)[0m  [1m[34m            SELECT sql
            FROM sqlite_master
            WHERE name='index_choices_on_question_id' AND type='index'
            UNION ALL
            SELECT sql
            FROM sqlite_temp_master
            WHERE name='index_choices_on_question_id' AND type='index'
[0m
  [1m[35m (0.1ms)[0m  [1m[34m            SELECT sql
            FROM sqlite_master
            WHERE name='index_questions_on_survey_id' AND type='index'
            UNION ALL
            SELECT sql
            FROM sqlite_temp_master
            WHERE name='index_questions_on_survey_id' AND type='index'
[0m
  [1m[36mActiveRecord::SchemaMigration Load (0.5ms)[0m  [1m[34mSELECT "schema_migrations".* FROM "schema_migrations"[0m
  [1m[36mActiveRecord::SchemaMigration Load (0.0ms)[0m  [1m[34mSELECT "schema_migrations".* FROM "schema_migrations"[0m
Migrating to CreateChoices (20170223215756)
  [1m[35m (0.0ms)[0m  [1m[36mbegin transaction[0m
  [1m[35m (1.8ms)[0m  [1m[35mDROP TABLE "choices"[0m
  [1m[35mSQL (0.3ms)[0m  [1m[31mDELETE FROM "schema_migrations" WHERE "schema_migrations"."version" = ?[0m  [["version", "20170223215756"]]
  [1m[35m (0.8ms)[0m  [1m[36mcommit transaction[0m
  [1m[36mActiveRecord::SchemaMigration Load (0.1ms)[0m  [1m[34mSELECT "schema_migrations".* FROM "schema_migrations"[0m
  [1m[35m (0.1ms)[0m  [1m[34m            SELECT sql
            FROM sqlite_master
            WHERE name='index_questions_on_survey_id' AND type='index'
            UNION ALL
            SELECT sql
            FROM sqlite_temp_master
            WHERE name='index_questions_on_survey_id' AND type='index'
[0m
  [1m[36mActiveRecord::SchemaMigration Load (0.0ms)[0m  [1m[34mSELECT "schema_migrations".* FROM "schema_migrations"[0m
Migrating to CreateChoices (20170223215756)
  [1m[35m (0.0ms)[0m  [1m[36mbegin transaction[0m
  [1m[35m (0.5ms)[0m  [1m[35mCREATE TABLE "choices" ("id" INTEGER PRIMARY KEY AUTOINCREMENT NOT NULL, "question_id" integer, "caption" varchar, "value" varchar, "display_no" integer, "created_at" datetime NOT NULL, "updated_at" datetime NOT NULL)[0m
  [1m[35m (0.1ms)[0m  [1m[34mselect sqlite_version(*)[0m
  [1m[35m (0.1ms)[0m  [1m[35mCREATE  INDEX "index_choices_on_question_id" ON "choices" ("question_id")[0m
  [1m[35mSQL (0.1ms)[0m  [1m[32mINSERT INTO "schema_migrations" ("version") VALUES (?)[0m  [["version", "20170223215756"]]
  [1m[35m (0.7ms)[0m  [1m[36mcommit transaction[0m
  [1m[36mActiveRecord::InternalMetadata Load (0.5ms)[0m  [1m[34mSELECT  "ar_internal_metadata".* FROM "ar_internal_metadata" WHERE "ar_internal_metadata"."key" = ? LIMIT ?[0m  [["key", :environment], ["LIMIT", 1]]
  [1m[35m (0.1ms)[0m  [1m[36mbegin transaction[0m
  [1m[35m (0.2ms)[0m  [1m[36mcommit transaction[0m
  [1m[36mActiveRecord::SchemaMigration Load (0.2ms)[0m  [1m[34mSELECT "schema_migrations".* FROM "schema_migrations"[0m
  [1m[35m (0.2ms)[0m  [1m[34m            SELECT sql
            FROM sqlite_master
            WHERE name='index_choices_on_question_id' AND type='index'
            UNION ALL
            SELECT sql
            FROM sqlite_temp_master
            WHERE name='index_choices_on_question_id' AND type='index'
[0m
  [1m[35m (0.1ms)[0m  [1m[34m            SELECT sql
            FROM sqlite_master
            WHERE name='index_questions_on_survey_id' AND type='index'
            UNION ALL
            SELECT sql
            FROM sqlite_temp_master
            WHERE name='index_questions_on_survey_id' AND type='index'
[0m
DEPRECATION WARNING: ActiveSupport.halt_callback_chains_on_return_false= is deprecated and will be removed in Rails 5.2. (called from <top (required)> at /Users/blueplanet/study/vue_tutorial/vue_answers/config/initializers/new_framework_defaults.rb:21)
DEPRECATION WARNING: ActiveSupport.halt_callback_chains_on_return_false= is deprecated and will be removed in Rails 5.2. (called from <top (required)> at /Users/blueplanet/study/vue_tutorial/vue_answers/config/initializers/new_framework_defaults.rb:21)
DEPRECATION WARNING: ActiveSupport.halt_callback_chains_on_return_false= is deprecated and will be removed in Rails 5.2. (called from <top (required)> at /Users/blueplanet/study/vue_tutorial/vue_answers/config/initializers/new_framework_defaults.rb:21)
DEPRECATION WARNING: ActiveSupport.halt_callback_chains_on_return_false= is deprecated and will be removed in Rails 5.2. (called from <top (required)> at /Users/blueplanet/study/vue_tutorial/vue_answers/config/initializers/new_framework_defaults.rb:21)
DEPRECATION WARNING: ActiveSupport.halt_callback_chains_on_return_false= is deprecated and will be removed in Rails 5.2. (called from <top (required)> at /Users/blueplanet/study/vue_tutorial/vue_answers/config/initializers/new_framework_defaults.rb:21)
DEPRECATION WARNING: ActiveSupport.halt_callback_chains_on_return_false= is deprecated and will be removed in Rails 5.2. (called from <top (required)> at /Users/blueplanet/study/vue_tutorial/vue_answers/config/initializers/new_framework_defaults.rb:21)
DEPRECATION WARNING: ActiveSupport.halt_callback_chains_on_return_false= is deprecated and will be removed in Rails 5.2. (called from <top (required)> at /Users/blueplanet/study/vue_tutorial/vue_answers/config/initializers/new_framework_defaults.rb:21)
DEPRECATION WARNING: ActiveSupport.halt_callback_chains_on_return_false= is deprecated and will be removed in Rails 5.2. (called from <top (required)> at /Users/blueplanet/study/vue_tutorial/vue_answers/config/initializers/new_framework_defaults.rb:21)
DEPRECATION WARNING: ActiveSupport.halt_callback_chains_on_return_false= is deprecated and will be removed in Rails 5.2. (called from <top (required)> at /Users/blueplanet/study/vue_tutorial/vue_answers/config/initializers/new_framework_defaults.rb:21)
DEPRECATION WARNING: ActiveSupport.halt_callback_chains_on_return_false= is deprecated and will be removed in Rails 5.2. (called from <top (required)> at /Users/blueplanet/study/vue_tutorial/vue_answers/config/initializers/new_framework_defaults.rb:21)
DEPRECATION WARNING: ActiveSupport.halt_callback_chains_on_return_false= is deprecated and will be removed in Rails 5.2. (called from <top (required)> at /Users/blueplanet/study/vue_tutorial/vue_answers/config/initializers/new_framework_defaults.rb:21)
Started GET "/" for ::1 at 2017-03-01 06:29:10 +0900
  [1m[36mActiveRecord::SchemaMigration Load (1.2ms)[0m  [1m[34mSELECT "schema_migrations".* FROM "schema_migrations"[0m
Processing by HomeController#index as HTML
  Rendering home/index.html.erb within layouts/application
  Rendered home/index.html.erb within layouts/application (1.9ms)
Completed 200 OK in 1190ms (Views: 1152.3ms | ActiveRecord: 0.0ms)


Started GET "/packs/hello_vue.js" for ::1 at 2017-03-01 06:29:12 +0900
  
ActionController::RoutingError (No route matches [GET] "/packs/hello_vue.js"):
  
actionpack (5.1.0.beta1) lib/action_dispatch/middleware/debug_exceptions.rb:63:in `call'
web-console (3.4.0) lib/web_console/middleware.rb:135:in `call_app'
web-console (3.4.0) lib/web_console/middleware.rb:28:in `block in call'
web-console (3.4.0) lib/web_console/middleware.rb:18:in `catch'
web-console (3.4.0) lib/web_console/middleware.rb:18:in `call'
actionpack (5.1.0.beta1) lib/action_dispatch/middleware/show_exceptions.rb:31:in `call'
railties (5.1.0.beta1) lib/rails/rack/logger.rb:36:in `call_app'
railties (5.1.0.beta1) lib/rails/rack/logger.rb:24:in `block in call'
activesupport (5.1.0.beta1) lib/active_support/tagged_logging.rb:69:in `block in tagged'
activesupport (5.1.0.beta1) lib/active_support/tagged_logging.rb:26:in `tagged'
activesupport (5.1.0.beta1) lib/active_support/tagged_logging.rb:69:in `tagged'
railties (5.1.0.beta1) lib/rails/rack/logger.rb:24:in `call'
sprockets-rails (3.2.0) lib/sprockets/rails/quiet_assets.rb:13:in `call'
actionpack (5.1.0.beta1) lib/action_dispatch/middleware/remote_ip.rb:79:in `call'
actionpack (5.1.0.beta1) lib/action_dispatch/middleware/request_id.rb:25:in `call'
rack (2.0.1) lib/rack/method_override.rb:22:in `call'
rack (2.0.1) lib/rack/runtime.rb:22:in `call'
activesupport (5.1.0.beta1) lib/active_support/cache/strategy/local_cache_middleware.rb:27:in `call'
actionpack (5.1.0.beta1) lib/action_dispatch/middleware/executor.rb:12:in `call'
actionpack (5.1.0.beta1) lib/action_dispatch/middleware/static.rb:125:in `call'
rack (2.0.1) lib/rack/sendfile.rb:111:in `call'
railties (5.1.0.beta1) lib/rails/engine.rb:522:in `call'
puma (3.7.1) lib/puma/configuration.rb:232:in `call'
puma (3.7.1) lib/puma/server.rb:578:in `handle_request'
puma (3.7.1) lib/puma/server.rb:415:in `process_client'
puma (3.7.1) lib/puma/server.rb:275:in `block in run'
puma (3.7.1) lib/puma/thread_pool.rb:120:in `block in spawn_thread'
Started GET "/" for ::1 at 2017-03-01 06:32:05 +0900
Processing by HomeController#index as HTML
  Rendering home/index.html.erb within layouts/application
  Rendered home/index.html.erb within layouts/application (1.9ms)
Completed 200 OK in 66ms (Views: 60.9ms | ActiveRecord: 0.0ms)


Started GET "/" for ::1 at 2017-03-01 06:43:36 +0900
Processing by HomeController#index as HTML
  Rendering home/index.html.erb within layouts/application
  Rendered home/index.html.erb within layouts/application (0.8ms)
Completed 200 OK in 129ms (Views: 124.4ms | ActiveRecord: 0.0ms)


Started GET "/inquiries/1" for ::1 at 2017-03-01 08:06:55 +0900
  
ActionController::RoutingError (No route matches [GET] "/inquiries/1"):
  
actionpack (5.1.0.beta1) lib/action_dispatch/middleware/debug_exceptions.rb:63:in `call'
web-console (3.4.0) lib/web_console/middleware.rb:135:in `call_app'
web-console (3.4.0) lib/web_console/middleware.rb:28:in `block in call'
web-console (3.4.0) lib/web_console/middleware.rb:18:in `catch'
web-console (3.4.0) lib/web_console/middleware.rb:18:in `call'
actionpack (5.1.0.beta1) lib/action_dispatch/middleware/show_exceptions.rb:31:in `call'
railties (5.1.0.beta1) lib/rails/rack/logger.rb:36:in `call_app'
railties (5.1.0.beta1) lib/rails/rack/logger.rb:24:in `block in call'
activesupport (5.1.0.beta1) lib/active_support/tagged_logging.rb:69:in `block in tagged'
activesupport (5.1.0.beta1) lib/active_support/tagged_logging.rb:26:in `tagged'
activesupport (5.1.0.beta1) lib/active_support/tagged_logging.rb:69:in `tagged'
railties (5.1.0.beta1) lib/rails/rack/logger.rb:24:in `call'
sprockets-rails (3.2.0) lib/sprockets/rails/quiet_assets.rb:13:in `call'
actionpack (5.1.0.beta1) lib/action_dispatch/middleware/remote_ip.rb:79:in `call'
actionpack (5.1.0.beta1) lib/action_dispatch/middleware/request_id.rb:25:in `call'
rack (2.0.1) lib/rack/method_override.rb:22:in `call'
rack (2.0.1) lib/rack/runtime.rb:22:in `call'
activesupport (5.1.0.beta1) lib/active_support/cache/strategy/local_cache_middleware.rb:27:in `call'
actionpack (5.1.0.beta1) lib/action_dispatch/middleware/executor.rb:12:in `call'
actionpack (5.1.0.beta1) lib/action_dispatch/middleware/static.rb:125:in `call'
rack (2.0.1) lib/rack/sendfile.rb:111:in `call'
railties (5.1.0.beta1) lib/rails/engine.rb:522:in `call'
puma (3.7.1) lib/puma/configuration.rb:232:in `call'
puma (3.7.1) lib/puma/server.rb:578:in `handle_request'
puma (3.7.1) lib/puma/server.rb:415:in `process_client'
puma (3.7.1) lib/puma/server.rb:275:in `block in run'
puma (3.7.1) lib/puma/thread_pool.rb:120:in `block in spawn_thread'
DEPRECATION WARNING: ActiveSupport.halt_callback_chains_on_return_false= is deprecated and will be removed in Rails 5.2. (called from <top (required)> at /Users/blueplanet/study/vue_tutorial/vue_answers/config/initializers/new_framework_defaults.rb:21)
DEPRECATION WARNING: ActiveSupport.halt_callback_chains_on_return_false= is deprecated and will be removed in Rails 5.2. (called from <top (required)> at /Users/blueplanet/study/vue_tutorial/vue_answers/config/initializers/new_framework_defaults.rb:21)
DEPRECATION WARNING: ActiveSupport.halt_callback_chains_on_return_false= is deprecated and will be removed in Rails 5.2. (called from <top (required)> at /Users/blueplanet/study/vue_tutorial/vue_answers/config/initializers/new_framework_defaults.rb:21)
DEPRECATION WARNING: ActiveSupport.halt_callback_chains_on_return_false= is deprecated and will be removed in Rails 5.2. (called from <top (required)> at /Users/blueplanet/study/vue_tutorial/vue_answers/config/initializers/new_framework_defaults.rb:21)
DEPRECATION WARNING: ActiveSupport.halt_callback_chains_on_return_false= is deprecated and will be removed in Rails 5.2. (called from <top (required)> at /Users/blueplanet/study/vue_tutorial/config/initializers/new_framework_defaults.rb:21)
